  Source.cpp
c:\users\danish\documents\visual studio 2015\projects\assignment - 1\assignment - 1\source.cpp(33): warning C4244: '=': conversion from 'double' to 'float', possible loss of data
c:\users\danish\documents\visual studio 2015\projects\assignment - 1\assignment - 1\source.cpp(44): warning C4305: 'argument': truncation from 'double' to 'float'
c:\users\danish\documents\visual studio 2015\projects\assignment - 1\assignment - 1\source.cpp(48): warning C4305: 'argument': truncation from 'double' to 'float'
c:\users\danish\documents\visual studio 2015\projects\assignment - 1\assignment - 1\source.cpp(54): warning C4305: 'argument': truncation from 'double' to 'float'
c:\users\danish\documents\visual studio 2015\projects\assignment - 1\assignment - 1\source.cpp(56): warning C4305: 'argument': truncation from 'double' to 'float'
c:\users\danish\documents\visual studio 2015\projects\assignment - 1\assignment - 1\source.cpp(58): warning C4305: 'argument': truncation from 'double' to 'float'
c:\users\danish\documents\visual studio 2015\projects\assignment - 1\assignment - 1\source.cpp(60): warning C4305: 'argument': truncation from 'double' to 'float'
c:\users\danish\documents\visual studio 2015\projects\assignment - 1\assignment - 1\source.cpp(62): warning C4305: 'argument': truncation from 'double' to 'float'
c:\users\danish\documents\visual studio 2015\projects\assignment - 1\assignment - 1\source.cpp(64): warning C4305: 'argument': truncation from 'double' to 'float'
c:\users\danish\documents\visual studio 2015\projects\assignment - 1\assignment - 1\source.cpp(69): warning C4305: 'argument': truncation from 'double' to 'float'
c:\users\danish\documents\visual studio 2015\projects\assignment - 1\assignment - 1\source.cpp(71): warning C4305: 'argument': truncation from 'double' to 'float'
c:\users\danish\documents\visual studio 2015\projects\assignment - 1\assignment - 1\source.cpp(73): warning C4305: 'argument': truncation from 'double' to 'float'
c:\users\danish\documents\visual studio 2015\projects\assignment - 1\assignment - 1\source.cpp(75): warning C4305: 'argument': truncation from 'double' to 'float'
c:\users\danish\documents\visual studio 2015\projects\assignment - 1\assignment - 1\source.cpp(77): warning C4305: 'argument': truncation from 'double' to 'float'
c:\users\danish\documents\visual studio 2015\projects\assignment - 1\assignment - 1\source.cpp(81): warning C4305: 'argument': truncation from 'double' to 'float'
c:\users\danish\documents\visual studio 2015\projects\assignment - 1\assignment - 1\source.cpp(84): warning C4305: 'argument': truncation from 'double' to 'float'
c:\users\danish\documents\visual studio 2015\projects\assignment - 1\assignment - 1\source.cpp(88): warning C4305: 'argument': truncation from 'double' to 'float'
c:\users\danish\documents\visual studio 2015\projects\assignment - 1\assignment - 1\source.cpp(90): warning C4305: 'argument': truncation from 'double' to 'float'
c:\users\danish\documents\visual studio 2015\projects\assignment - 1\assignment - 1\source.cpp(94): warning C4305: 'argument': truncation from 'double' to 'float'
c:\users\danish\documents\visual studio 2015\projects\assignment - 1\assignment - 1\source.cpp(97): warning C4305: 'argument': truncation from 'double' to 'float'
c:\users\danish\documents\visual studio 2015\projects\assignment - 1\assignment - 1\source.cpp(101): warning C4305: 'argument': truncation from 'double' to 'float'
c:\users\danish\documents\visual studio 2015\projects\assignment - 1\assignment - 1\source.cpp(103): warning C4305: 'argument': truncation from 'double' to 'float'
c:\users\danish\documents\visual studio 2015\projects\assignment - 1\assignment - 1\source.cpp(109): warning C4244: 'initializing': conversion from 'double' to 'float', possible loss of data
c:\users\danish\documents\visual studio 2015\projects\assignment - 1\assignment - 1\source.cpp(110): warning C4244: 'initializing': conversion from 'double' to 'float', possible loss of data
c:\users\danish\documents\visual studio 2015\projects\assignment - 1\assignment - 1\source.cpp(111): warning C4244: 'initializing': conversion from 'double' to 'float', possible loss of data
c:\users\danish\documents\visual studio 2015\projects\assignment - 1\assignment - 1\source.cpp(112): warning C4244: 'argument': conversion from 'double' to 'GLfloat', possible loss of data
c:\users\danish\documents\visual studio 2015\projects\assignment - 1\assignment - 1\source.cpp(120): warning C4244: 'initializing': conversion from 'double' to 'float', possible loss of data
c:\users\danish\documents\visual studio 2015\projects\assignment - 1\assignment - 1\source.cpp(121): warning C4244: 'initializing': conversion from 'double' to 'float', possible loss of data
c:\users\danish\documents\visual studio 2015\projects\assignment - 1\assignment - 1\source.cpp(122): warning C4244: 'initializing': conversion from 'double' to 'float', possible loss of data
c:\users\danish\documents\visual studio 2015\projects\assignment - 1\assignment - 1\source.cpp(123): warning C4244: 'argument': conversion from 'double' to 'GLfloat', possible loss of data
c:\users\danish\documents\visual studio 2015\projects\assignment - 1\assignment - 1\source.cpp(129): warning C4305: 'argument': truncation from 'double' to 'float'
c:\users\danish\documents\visual studio 2015\projects\assignment - 1\assignment - 1\source.cpp(131): warning C4305: 'argument': truncation from 'double' to 'float'
c:\users\danish\documents\visual studio 2015\projects\assignment - 1\assignment - 1\source.cpp(134): warning C4305: 'argument': truncation from 'double' to 'float'
c:\users\danish\documents\visual studio 2015\projects\assignment - 1\assignment - 1\source.cpp(136): warning C4305: 'argument': truncation from 'double' to 'float'
  Assignment - 1.vcxproj -> c:\users\danish\documents\visual studio 2015\Projects\Assignment - 1\Debug\Assignment - 1.exe
  Assignment - 1.vcxproj -> c:\users\danish\documents\visual studio 2015\Projects\Assignment - 1\Debug\Assignment - 1.pdb (Full PDB)
